20 Aug 2021 - 15:05:59.397 [main] INFO  com.revature.tests.LoginTest - STARTING: LoginTest class
20 Aug 2021 - 15:06:04.762 [main] INFO  com.revature.tests.LoginTest - ENDING: LoginTest class
20 Aug 2021 - 15:06:39.541 [main] INFO  com.revature.tests.LoginTest - STARTING: LoginTest class
20 Aug 2021 - 15:06:44.832 [main] INFO  com.revature.tests.LoginTest - ENDING: LoginTest class
20 Aug 2021 - 15:07:43.104 [main] INFO  com.revature.tests.LoginTest - STARTING: LoginTest class
20 Aug 2021 - 15:07:54.216 [main] INFO  com.revature.tests.LoginTest - ENDING: LoginTest class
20 Aug 2021 - 15:15:44.975 [main] INFO  com.revature.tests.LoginTest - STARTING: LoginTest class
20 Aug 2021 - 15:15:56.643 [main] INFO  com.revature.tests.LoginTest - ENDING: LoginTest class
20 Aug 2021 - 15:16:26.914 [main] INFO  com.revature.tests.LoginTest - STARTING: LoginTest class
20 Aug 2021 - 15:16:34.340 [main] INFO  com.revature.tests.LoginTest - ENDING: LoginTest class
20 Aug 2021 - 15:34:09.801 [main] INFO  com.revature.tests.LoginTest - STARTING: LoginTest class
20 Aug 2021 - 15:34:25.503 [main] INFO  com.revature.tests.LoginTest - ENDING: LoginTest class
20 Aug 2021 - 15:35:34.300 [main] INFO  com.revature.tests.LoginTest - STARTING: LoginTest class
20 Aug 2021 - 15:35:40.282 [main] INFO  com.revature.tests.LoginTest - ENDING: LoginTest class
20 Aug 2021 - 15:37:43.954 [main] INFO  com.revature.tests.LoginTest - STARTING: LoginTest class
20 Aug 2021 - 15:37:52.281 [main] INFO  com.revature.tests.LoginTest - ENDING: LoginTest class
20 Aug 2021 - 15:40:47.577 [main] INFO  com.revature.tests.LoginTest - STARTING: LoginTest class
20 Aug 2021 - 15:40:50.689 [main] INFO  com.revature.listeners.Listener - Test 'login_withInvalidCredentials' STARTED
20 Aug 2021 - 15:40:51.617 [main] INFO  com.revature.listeners.Listener - Test 'login_withInvalidCredentials' PASSED
20 Aug 2021 - 15:40:53.738 [main] INFO  com.revature.listeners.Listener - Test 'login_withValidCredentials' STARTED
20 Aug 2021 - 15:40:54.597 [main] INFO  com.revature.listeners.Listener - Test 'login_withValidCredentials' PASSED
20 Aug 2021 - 15:40:55.168 [main] INFO  com.revature.tests.LoginTest - ENDING: LoginTest class
20 Aug 2021 - 15:42:23.357 [main] INFO  com.revature.tests.LoginTest - STARTING: LoginTest class
20 Aug 2021 - 15:42:26.170 [main] INFO  com.revature.listeners.Listener - Test 'login_withInvalidCredentials' STARTED
20 Aug 2021 - 15:42:27.096 [main] INFO  com.revature.listeners.Listener - Test 'login_withInvalidCredentials' PASSED
20 Aug 2021 - 15:42:29.273 [main] INFO  com.revature.listeners.Listener - Test 'login_withValidCredentials' STARTED
20 Aug 2021 - 15:42:30.154 [main] INFO  com.revature.listeners.Listener - Test 'login_withValidCredentials' PASSED
20 Aug 2021 - 15:42:30.744 [main] INFO  com.revature.tests.LoginTest - ENDING: LoginTest class
20 Aug 2021 - 15:50:27.820 [main] INFO  com.revature.tests.LoginTest - STARTING: LoginTest class
20 Aug 2021 - 15:50:37.334 [main] INFO  com.revature.listeners.Listener - Test 'login_withInvalidCredentials' STARTED
20 Aug 2021 - 15:50:38.190 [main] INFO  com.revature.listeners.Listener - Test 'login_withInvalidCredentials' PASSED
20 Aug 2021 - 15:50:40.344 [main] INFO  com.revature.listeners.Listener - Test 'login_withValidCredentials' STARTED
20 Aug 2021 - 15:50:45.861 [main] ERROR com.revature.listeners.Listener - Test 'login_withValidCredentials' FAILED
20 Aug 2021 - 15:50:46.484 [main] INFO  com.revature.tests.LoginTest - ENDING: LoginTest class
20 Aug 2021 - 15:52:05.905 [main] INFO  com.revature.tests.LoginTest - STARTING: LoginTest class
20 Aug 2021 - 15:52:08.611 [main] INFO  com.revature.listeners.Listener - Test 'login_withInvalidCredentials' STARTED
20 Aug 2021 - 15:52:09.551 [main] INFO  com.revature.listeners.Listener - Test 'login_withInvalidCredentials' PASSED
20 Aug 2021 - 15:52:11.705 [main] INFO  com.revature.listeners.Listener - Test 'login_withValidCredentials' STARTED
20 Aug 2021 - 15:52:12.611 [main] INFO  com.revature.listeners.Listener - Test 'login_withValidCredentials' PASSED
20 Aug 2021 - 15:52:13.190 [main] INFO  com.revature.tests.LoginTest - ENDING: LoginTest class
20 Aug 2021 - 15:53:37.084 [main] INFO  com.revature.tests.LoginTest - STARTING: LoginTest class
20 Aug 2021 - 15:53:40.407 [main] INFO  com.revature.listeners.Listener - Test 'login_withInvalidCredentials' STARTED
20 Aug 2021 - 15:53:41.567 [main] INFO  com.revature.listeners.Listener - Test 'login_withInvalidCredentials' PASSED
20 Aug 2021 - 15:53:44.136 [main] INFO  com.revature.listeners.Listener - Test 'login_withValidCredentials' STARTED
20 Aug 2021 - 15:53:45.323 [main] INFO  com.revature.listeners.Listener - Test 'login_withValidCredentials' PASSED
20 Aug 2021 - 15:53:46.044 [main] INFO  com.revature.tests.LoginTest - ENDING: LoginTest class
